[2022-05-17 10:07:10] app.ERROR: Data from PrestaShop Addons is invalid, and cannot fallback on cache. [] []
[2022-05-17 10:07:11] app.INFO: Protect vendor folder in module gamification [] []
[2022-05-17 10:07:11] app.INFO: Protect vendor folder in module psaddonsconnect [] []
[2022-05-17 10:07:11] app.INFO: Protect vendor folder in module psgdpr [] []
[2022-05-17 10:07:12] app.INFO: Protect vendor folder in module ps_mbo [] []
[2022-05-17 10:07:12] app.INFO: Protect vendor folder in module ps_buybuttonlite [] []
[2022-05-17 10:07:13] app.INFO: Protect vendor folder in module ps_metrics [] []
[2022-05-17 10:07:14] app.INFO: Protect vendor folder in module ps_facebook [] []
[2022-05-17 10:07:15] app.INFO: Protect vendor folder in module psxmarketingwithgoogle [] []
[2022-05-17 10:22:52] request.INFO: Matched route "admin_themes_index". {"route":"admin_themes_index","route_parameters":{"_controller":"PrestaShopBundle\\Controller\\Admin\\Improve\\Design\\ThemeController::indexAction","_legacy_controller":"AdminThemes","_legacy_link":"AdminThemes","_route":"admin_themes_index"},"request_uri":"http://purecare.test/admin64502oysi/index.php/improve/design/themes/?_token=zwOuyBMcgYHgvULiJS13Ej-nPoz84TKPuAXtqiHp9nQ","method":"GET"} []
[2022-05-17 10:22:53] security.DEBUG: Read existing security token from the session. {"key":"_security_main","token_class":"Symfony\\Component\\Security\\Core\\Authentication\\Token\\UsernamePasswordToken"} []
[2022-05-17 10:22:53] security.DEBUG: User was reloaded from a user provider. {"provider":"PrestaShopBundle\\Security\\Admin\\EmployeeProvider","username":"ekabue0@gmail.com"} []
[2022-05-17 10:23:00] request.CRITICAL: Uncaught PHP Exception Twig\Error\RuntimeError: "An exception has been thrown during the rendering of a template ("PrestaShopBundle\Twig\LayoutExtension cannot find the {$content} string in legacy layout template")." at C:\laragon\www\purecare\src\PrestaShopBundle\Resources\views\Admin\layout.html.twig line 37 {"exception":"[object] (Twig\\Error\\RuntimeError(code: 0): An exception has been thrown during the rendering of a template (\"PrestaShopBundle\\Twig\\LayoutExtension cannot find the {$content} string in legacy layout template\"). at C:\\laragon\\www\\purecare\\src\\PrestaShopBundle\\Resources\\views\\Admin\\layout.html.twig:37, Exception(code: 1): PrestaShopBundle\\Twig\\LayoutExtension cannot find the {$content} string in legacy layout template at C:\\laragon\\www\\purecare\\src\\PrestaShopBundle\\Twig\\LayoutExtension.php:218)"} []
[2022-05-17 10:23:00] security.DEBUG: Stored the security token in the session. {"key":"_security_main"} []
[2022-05-17 11:31:19] request.CRITICAL: Uncaught PHP Exception Symfony\Component\Filesystem\Exception\IOException: "Cannot rename "C:\laragon\www\purecare\var\cache\prod\appD84B.tmp" to "C:\laragon\www\purecare\var\cache\prod/appProdProjectContainerUrlMatcher.php"." at C:\laragon\www\purecare\vendor\symfony\symfony\src\Symfony\Component\Filesystem\Filesystem.php line 289 {"exception":"[object] (Symfony\\Component\\Filesystem\\Exception\\IOException(code: 0): Cannot rename \"C:\\laragon\\www\\purecare\\var\\cache\\prod\\appD84B.tmp\" to \"C:\\laragon\\www\\purecare\\var\\cache\\prod/appProdProjectContainerUrlMatcher.php\". at C:\\laragon\\www\\purecare\\vendor\\symfony\\symfony\\src\\Symfony\\Component\\Filesystem\\Filesystem.php:289)"} []
[2022-05-17 16:15:46] request.CRITICAL: Uncaught PHP Exception Symfony\Component\Filesystem\Exception\IOException: "Cannot rename "C:\laragon\www\purecare\var\cache\prod\appCB0B.tmp" to "C:\laragon\www\purecare\var\cache\prod/appProdProjectContainerUrlMatcher.php"." at C:\laragon\www\purecare\vendor\symfony\symfony\src\Symfony\Component\Filesystem\Filesystem.php line 289 {"exception":"[object] (Symfony\\Component\\Filesystem\\Exception\\IOException(code: 0): Cannot rename \"C:\\laragon\\www\\purecare\\var\\cache\\prod\\appCB0B.tmp\" to \"C:\\laragon\\www\\purecare\\var\\cache\\prod/appProdProjectContainerUrlMatcher.php\". at C:\\laragon\\www\\purecare\\vendor\\symfony\\symfony\\src\\Symfony\\Component\\Filesystem\\Filesystem.php:289)"} []
[2022-05-17 16:26:45] request.INFO: Matched route "admin_module_manage". {"route":"admin_module_manage","route_parameters":{"category":null,"keyword":null,"_controller":"PrestaShopBundle\\Controller\\Admin\\Improve\\ModuleController::manageAction","_legacy_controller":"AdminModulesManage","_legacy_link":["AdminModulesManage","AdminModulesSf"],"_route":"admin_module_manage"},"request_uri":"http://purecare.test/admin64502oysi/index.php/improve/modules/manage?_token=xJLDDF7QOtJWNULNyQgoSo5MrNGNj9ArP1pMjtk-XuE","method":"GET"} []
[2022-05-17 16:26:45] security.DEBUG: Read existing security token from the session. {"key":"_security_main","token_class":"Symfony\\Component\\Security\\Core\\Authentication\\Token\\UsernamePasswordToken"} []
[2022-05-17 16:26:45] security.DEBUG: User was reloaded from a user provider. {"provider":"PrestaShopBundle\\Security\\Admin\\EmployeeProvider","username":"ekabue0@gmail.com"} []
[2022-05-17 16:26:51] app.ERROR: Data from PrestaShop Addons is invalid, and cannot fallback on cache. [] []
[2022-05-17 16:27:02] security.DEBUG: Stored the security token in the session. {"key":"_security_main"} []
[2022-05-17 16:27:05] request.INFO: Matched route "admin_module_notification_count". {"route":"admin_module_notification_count","route_parameters":{"_controller":"PrestaShopBundle\\Controller\\Admin\\Improve\\Modules\\AlertsController::notificationsCountAction","_legacy_controller":"AdminModulesNotifications","_legacy_link":"AdminModulesNotifications:count","_route":"admin_module_notification_count"},"request_uri":"http://purecare.test/admin64502oysi/index.php/improve/modules/alerts/count?_token=xJLDDF7QOtJWNULNyQgoSo5MrNGNj9ArP1pMjtk-XuE","method":"GET"} []
[2022-05-17 16:27:05] security.DEBUG: Read existing security token from the session. {"key":"_security_main","token_class":"Symfony\\Component\\Security\\Core\\Authentication\\Token\\UsernamePasswordToken"} []
[2022-05-17 16:27:05] security.DEBUG: User was reloaded from a user provider. {"provider":"PrestaShopBundle\\Security\\Admin\\EmployeeProvider","username":"ekabue0@gmail.com"} []
[2022-05-17 16:27:11] app.ERROR: Data from PrestaShop Addons is invalid, and cannot fallback on cache. [] []
[2022-05-17 16:27:11] security.DEBUG: Stored the security token in the session. {"key":"_security_main"} []
[2022-05-17 16:27:38] request.INFO: Matched route "admin_module_configure_action". {"route":"admin_module_configure_action","route_parameters":{"_controller":"PrestaShopBundle\\Controller\\Admin\\Improve\\ModuleController::configureModuleAction","_legacy_controller":"AdminModules","module_name":"prescription","_route":"admin_module_configure_action"},"request_uri":"http://purecare.test/admin64502oysi/index.php/improve/modules/manage/action/configure/prescription?_token=xJLDDF7QOtJWNULNyQgoSo5MrNGNj9ArP1pMjtk-XuE","method":"GET"} []
[2022-05-17 16:27:38] security.DEBUG: Read existing security token from the session. {"key":"_security_main","token_class":"Symfony\\Component\\Security\\Core\\Authentication\\Token\\UsernamePasswordToken"} []
[2022-05-17 16:27:38] security.DEBUG: User was reloaded from a user provider. {"provider":"PrestaShopBundle\\Security\\Admin\\EmployeeProvider","username":"ekabue0@gmail.com"} []
[2022-05-17 16:27:44] app.ERROR: Data from PrestaShop Addons is invalid, and cannot fallback on cache. [] []
[2022-05-17 16:27:45] security.DEBUG: Stored the security token in the session. {"key":"_security_main"} []
